  SoftRenderer.cpp
d:\project\softrenderer\softrenderer\softrenderer.cpp(660): warning C4244: “初始化”: 从“float”转换到“int”，可能丢失数据
d:\project\softrenderer\softrenderer\softrenderer.cpp(706): warning C4244: “初始化”: 从“float”转换到“int”，可能丢失数据
d:\project\softrenderer\softrenderer\softrenderer.cpp(707): warning C4244: “初始化”: 从“float”转换到“int”，可能丢失数据
d:\project\softrenderer\softrenderer\softrenderer.cpp(709): warning C4244: “初始化”: 从“float”转换到“int”，可能丢失数据
d:\project\softrenderer\softrenderer\softrenderer.cpp(714): warning C4244: “初始化”: 从“float”转换到“int”，可能丢失数据
d:\project\softrenderer\softrenderer\softrenderer.cpp(732): warning C4244: “参数”: 从“int”转换到“float”，可能丢失数据
d:\project\softrenderer\softrenderer\softrenderer.cpp(734): warning C4244: “参数”: 从“int”转换到“float”，可能丢失数据
d:\project\softrenderer\softrenderer\softrenderer.cpp(735): warning C4244: “参数”: 从“int”转换到“float”，可能丢失数据
d:\project\softrenderer\softrenderer\softrenderer.cpp(740): warning C4244: “参数”: 从“int”转换到“float”，可能丢失数据
d:\project\softrenderer\softrenderer\softrenderer.cpp(742): warning C4244: “参数”: 从“int”转换到“float”，可能丢失数据
d:\project\softrenderer\softrenderer\softrenderer.cpp(743): warning C4244: “参数”: 从“int”转换到“float”，可能丢失数据
d:\project\softrenderer\softrenderer\softrenderer.cpp(786): warning C4244: “初始化”: 从“float”转换到“int”，可能丢失数据
d:\project\softrenderer\softrenderer\softrenderer.cpp(1089): warning C4244: “参数”: 从“int”转换到“float”，可能丢失数据
d:\project\softrenderer\softrenderer\softrenderer.cpp(1090): warning C4244: “参数”: 从“int”转换到“float”，可能丢失数据
  正在生成代码
  0 of 691 functions ( 0.0%) were compiled, the rest were copied from previous compilation.
    0 functions were new in current compilation
    0 functions had inline decision re-evaluated but remain unchanged
  已完成代码的生成
  SoftRenderer.vcxproj -> D:\Project\SoftRenderer\Release\SoftRenderer.exe
